<?xml version="1.0" encoding="UTF-8"?>
<!-- Generated by org.testng.reporters.JUnitXMLReporter -->
<testsuite ignored="0" hostname="precision7530" failures="0" tests="8" name="Default test" time="0.044" errors="0" timestamp="2021-03-30T17:06:40 CEST">
  <testcase classname="com.test.java.EquiLeaderTests" name="verifySolution" time="0.005"/>
  <testcase classname="com.test.java.EquiLeaderTests" name="verifySolution" time="0.001"/>
  <testcase classname="com.test.java.EquiLeaderTests" name="verifySolution" time="0.001"/>
  <testcase classname="com.test.java.EquiLeaderTests" name="verifySolution" time="0.001"/>
  <testcase classname="com.test.java.EquiLeaderTests" name="verifySolution" time="0.001"/>
  <testcase classname="com.test.java.EquiLeaderTests" name="verifySolution" time="0.0"/>
  <testcase classname="com.test.java.EquiLeaderTests" name="verifySolution" time="0.001"/>
  <testcase classname="com.test.java.EquiLeaderTests" name="verifySolution" time="0.001"/>
</testsuite> <!-- Default test -->
