<?xml version="1.0" encoding="UTF-8"?>
<testng-results ignored="0" total="8" passed="8" failed="0" skipped="0">
  <reporter-output>
  </reporter-output>
  <suite started-at="2021-03-30T17:06:40 CEST" name="Default suite" finished-at="2021-03-30T17:06:40 CEST" duration-ms="44">
    <groups>
    </groups>
    <test started-at="2021-03-30T17:06:40 CEST" name="Default test" finished-at="2021-03-30T17:06:40 CEST" duration-ms="44">
      <class name="com.test.java.EquiLeaderTests">
        <test-method is-config="true" signature="setUp()[pri:0, instance:com.test.java.EquiLeaderTests@78dd667e]" started-at="2021-03-30T17:06:40 CEST" name="setUp" finished-at="2021-03-30T17:06:40 CEST" duration-ms="5" status="PASS">
          <reporter-output>
          </reporter-output>
        </test-method> <!-- setUp -->
        <test-method signature="verifySolution([I, int)[pri:0, instance:com.test.java.EquiLeaderTests@78dd667e]" started-at="2021-03-30T17:06:40 CEST" name="verifySolution" data-provider="test1" finished-at="2021-03-30T17:06:40 CEST" duration-ms="5" status="PASS">
          <params>
            <param index="0">
              <value>
                <![CDATA[[I@4fb61f4a]]>
              </value>
            </param>
            <param index="1">
              <value>
                <![CDATA[2]]>
              </value>
            </param>
          </params>
          <reporter-output>
          </reporter-output>
        </test-method> <!-- verifySolution -->
        <test-method signature="verifySolution([I, int)[pri:0, instance:com.test.java.EquiLeaderTests@78dd667e]" started-at="2021-03-30T17:06:40 CEST" name="verifySolution" data-provider="test1" finished-at="2021-03-30T17:06:40 CEST" duration-ms="1" status="PASS">
          <params>
            <param index="0">
              <value>
                <![CDATA[[I@4fb0f2b9]]>
              </value>
            </param>
            <param index="1">
              <value>
                <![CDATA[3]]>
              </value>
            </param>
          </params>
          <reporter-output>
          </reporter-output>
        </test-method> <!-- verifySolution -->
        <test-method signature="verifySolution([I, int)[pri:0, instance:com.test.java.EquiLeaderTests@78dd667e]" started-at="2021-03-30T17:06:40 CEST" name="verifySolution" data-provider="test1" finished-at="2021-03-30T17:06:40 CEST" duration-ms="1" status="PASS">
          <params>
            <param index="0">
              <value>
                <![CDATA[[I@79924b]]>
              </value>
            </param>
            <param index="1">
              <value>
                <![CDATA[5]]>
              </value>
            </param>
          </params>
          <reporter-output>
          </reporter-output>
        </test-method> <!-- verifySolution -->
        <test-method signature="verifySolution([I, int)[pri:0, instance:com.test.java.EquiLeaderTests@78dd667e]" started-at="2021-03-30T17:06:40 CEST" name="verifySolution" data-provider="test1" finished-at="2021-03-30T17:06:40 CEST" duration-ms="1" status="PASS">
          <params>
            <param index="0">
              <value>
                <![CDATA[[I@7b9a4292]]>
              </value>
            </param>
            <param index="1">
              <value>
                <![CDATA[3]]>
              </value>
            </param>
          </params>
          <reporter-output>
          </reporter-output>
        </test-method> <!-- verifySolution -->
        <test-method signature="verifySolution([I, int)[pri:0, instance:com.test.java.EquiLeaderTests@78dd667e]" started-at="2021-03-30T17:06:40 CEST" name="verifySolution" data-provider="test1" finished-at="2021-03-30T17:06:40 CEST" duration-ms="1" status="PASS">
          <params>
            <param index="0">
              <value>
                <![CDATA[[I@4a94ee4]]>
              </value>
            </param>
            <param index="1">
              <value>
                <![CDATA[0]]>
              </value>
            </param>
          </params>
          <reporter-output>
          </reporter-output>
        </test-method> <!-- verifySolution -->
        <test-method signature="verifySolution([I, int)[pri:0, instance:com.test.java.EquiLeaderTests@78dd667e]" started-at="2021-03-30T17:06:40 CEST" name="verifySolution" data-provider="test1" finished-at="2021-03-30T17:06:40 CEST" duration-ms="0" status="PASS">
          <params>
            <param index="0">
              <value>
                <![CDATA[[I@4cc451f2]]>
              </value>
            </param>
            <param index="1">
              <value>
                <![CDATA[0]]>
              </value>
            </param>
          </params>
          <reporter-output>
          </reporter-output>
        </test-method> <!-- verifySolution -->
        <test-method signature="verifySolution([I, int)[pri:0, instance:com.test.java.EquiLeaderTests@78dd667e]" started-at="2021-03-30T17:06:40 CEST" name="verifySolution" data-provider="test1" finished-at="2021-03-30T17:06:40 CEST" duration-ms="1" status="PASS">
          <params>
            <param index="0">
              <value>
                <![CDATA[[I@6379eb]]>
              </value>
            </param>
            <param index="1">
              <value>
                <![CDATA[0]]>
              </value>
            </param>
          </params>
          <reporter-output>
          </reporter-output>
        </test-method> <!-- verifySolution -->
        <test-method signature="verifySolution([I, int)[pri:0, instance:com.test.java.EquiLeaderTests@78dd667e]" started-at="2021-03-30T17:06:40 CEST" name="verifySolution" data-provider="test1" finished-at="2021-03-30T17:06:40 CEST" duration-ms="1" status="PASS">
          <params>
            <param index="0">
              <value>
                <![CDATA[[I@294425a7]]>
              </value>
            </param>
            <param index="1">
              <value>
                <![CDATA[1]]>
              </value>
            </param>
          </params>
          <reporter-output>
          </reporter-output>
        </test-method> <!-- verifySolution -->
      </class> <!-- com.test.java.EquiLeaderTests -->
    </test> <!-- Default test -->
  </suite> <!-- Default suite -->
</testng-results>
